C51 COMPILER V9.00   DELAY                                                                 11/27/2018 23:51:25 PAGE 1   


C51 COMPILER V9.00, COMPILATION OF MODULE DELAY
OBJECT MODULE PLACED IN delay.OBJ
COMPILER INVOKED BY: G:\Keil\C51\BIN\C51.EXE delay.c BROWSE DEBUG OBJECTEXTEND

line level    source

*** WARNING C500 IN LINE 1 OF DELAY.C: LICENSE ERROR (R208: RENEW LICENSE ID CODE (LIC))

   1          #include"all.h"
   2          
   3          
   4          
   5          void delay_us(uint x)
   6          {
   7   1              uint i,j;
   8   1              for (j=0;j<x;j++)
   9   1                      for (i=0;i<11;i++);
  10   1      }
  11          void delay_ms(uint x)
  12          {
  13   1              uint i,j;
  14   1              for (j=0;j<x;j++)
  15   1                      for (i=0;i<110;i++);
  16   1      }


MODULE INFORMATION:   STATIC OVERLAYABLE
   CODE SIZE        =     64    ----
   CONSTANT SIZE    =   ----    ----
   XDATA SIZE       =   ----    ----
   PDATA SIZE       =   ----    ----
   DATA SIZE        =   ----    ----
   IDATA SIZE       =   ----    ----
   BIT SIZE         =   ----    ----
END OF MODULE INFORMATION.


C51 COMPILATION COMPLETE.  1 WARNING(S),  0 ERROR(S)
