C51 COMPILER V9.00   DISPLAY                                                               12/04/2018 15:10:00 PAGE 1   


C51 COMPILER V9.00, COMPILATION OF MODULE DISPLAY
OBJECT MODULE PLACED IN display.OBJ
COMPILER INVOKED BY: H:\Keil\C51\BIN\C51.EXE display.c BROWSE DEBUG OBJECTEXTEND

line level    source

*** WARNING C500 IN LINE 1 OF DISPLAY.C: LICENSE ERROR (R208: RENEW LICENSE ID CODE (LIC))

   1          #include "all.h"
   2          
   3          
   4          uchar code table[]={0x3f,0x06,0x5b,//数码管显示的数值
   5          0x4f,0x66,0x6d,0x7d,0x07,0x7f,0x6f};
   6          
   7          
   8          sbit wei1= P2^6;
   9          sbit wei2= P2^7;
  10          uchar tmpdata[]={0,0,0};
  11          uchar readad0831();//定义该函数为读取ADC0831的数据
  12          
  13          //void delay_nop()  //延时子函数
  14          //{
  15          //       _nop_();_nop_();_nop_();_nop_();_nop_();
  16          //}
  17          
  18          void display(uint dis_data) //显示子函数
  19          {
  20   1              uchar i;  //定义局部变量
  21   1              uchar shi,ge   ;
  22   1      //      P0=0x00;   //端口P0为输出口
  23   1              if(dis_data <100)
  24   1              {
  25   2                      shi = dis_data/10;
  26   2                      ge = dis_data%10;
  27   2              }
  28   1              else return;
  29   1              
  30   1              wei1 = 1;
  31   1              wei2 = 0;
  32   1              P0=~table[shi]; //循环显示
  33   1              delay_us(500);  //延时五个空指令
  34   1              wei1 = 0;
  35   1              wei2 = 1;
  36   1              P0=~table[ge]; //循环显示
  37   1              delay_us(500);  //延时五个空指令
  38   1      
  39   1              _nop_();
  40   1      }
*** WARNING C280 IN LINE 20 OF DISPLAY.C: 'i': unreferenced local variable
  41          
  42          void LED_task(uchar sta)
  43          {
  44   1              if(sta == 0)
  45   1              {
  46   2                 led1 = 1;
  47   2              }
  48   1      
  49   1              if(sta == 1)
  50   1              {
  51   2                      led1 = 0;
  52   2                 led2 = 1;
  53   2              }
C51 COMPILER V9.00   DISPLAY                                                               12/04/2018 15:10:00 PAGE 2   

  54   1              else led2= 0;
  55   1      
  56   1              if(sta == 2)
  57   1              {
  58   2                      led1 = 0;
  59   2                      led3 = 1 ;
  60   2              }
  61   1              else led3  = 0;
  62   1      
  63   1              if(sta == 3)
  64   1              {
  65   2                      led1 = 0;
  66   2                      led4 = 1 ;
  67   2              }
  68   1              else led4 = 0;
  69   1      
  70   1      
  71   1      }


MODULE INFORMATION:   STATIC OVERLAYABLE
   CODE SIZE        =    115    ----
   CONSTANT SIZE    =     10    ----
   XDATA SIZE       =   ----    ----
   PDATA SIZE       =   ----    ----
   DATA SIZE        =      3       3
   IDATA SIZE       =   ----    ----
   BIT SIZE         =   ----    ----
END OF MODULE INFORMATION.


C51 COMPILATION COMPLETE.  2 WARNING(S),  0 ERROR(S)
