C51 COMPILER V9.00   PWM                                                                   05/13/2016 16:09:21 PAGE 1   


C51 COMPILER V9.00, COMPILATION OF MODULE PWM
OBJECT MODULE PLACED IN pwm.OBJ
COMPILER INVOKED BY: D:\Keil\C51\BIN\C51.EXE pwm.c BROWSE DEBUG OBJECTEXTEND

line level    source

   1          #include"all.h"
   2          
   3          
   4          
   5          void pwm_init(void)  //  8位 PWM
   6          {
   7   1              CMOD=0x02;//空闲模式下PCA计数器继续工作，定时器0的溢出脉冲
   8   1              CL=0x00;
   9   1              CH=0x00; //低八位CL和高八位CH，复位值为0
  10   1      
  11   1              CCAPM0=0x42;  //PCA模块0的比较/捕获寄存器
  12   1              CCAP0L=0x00;  //低位字节   模块0的捕获/比较寄存器
  13   1              CCAP0H=0x00;  //高位字节
  14   1              //PWM实现方法，因为是８位，CL基础计数器从0xFF递减到０x00,溢出后将CCAP0H
  15   1          //的值加载到CCAP0L，若CL递减过程中，若大于CCAP0L，则输出高电平，否则为低电平
  16   1      
  17   1          //CCON|=0X40;  //开启PCA计数器
  18   1              CR=1;  //开启PCA计数器
  19   1              //两种皆可开启
  20   1      } 
  21          
  22          void pwm_set(uchar x)//占空比设置       负占 空比
  23          {
  24   1              CCAP0H=255-x;   //设置比较值
  25   1              CCAP0L=255-x;
  26   1      }
  27          


MODULE INFORMATION:   STATIC OVERLAYABLE
   CODE SIZE        =     27    ----
   CONSTANT SIZE    =   ----    ----
   XDATA SIZE       =   ----    ----
   PDATA SIZE       =   ----    ----
   DATA SIZE        =   ----    ----
   IDATA SIZE       =   ----    ----
   BIT SIZE         =   ----    ----
END OF MODULE INFORMATION.


C51 COMPILATION COMPLETE.  0 WARNING(S),  0 ERROR(S)
